<?xml version="1.0" encoding="UTF-8"?>
<testsuite name="GroceryItemTest" tests="3" skipped="0" failures="0" errors="0" timestamp="2022-09-28T16:52:51" hostname="MUKAGALA" time="0.055">
  <properties/>
  <testcase name="shouldHaveAnItemNameOfGrapesDeptOfProductPriceOf5AndNotOnSale()" classname="GroceryItemTest" time="0.04"/>
  <testcase name="grapesShouldHaveAPriceOf4AfterA20PercentSale()" classname="GroceryItemTest" time="0.002"/>
  <testcase name="grapesShouldHaveAPriceOf3AfterA25PercentSale()" classname="GroceryItemTest" time="0.002"/>
  <system-out><![CDATA[]]></system-out>
  <system-err><![CDATA[]]></system-err>
</testsuite>
